-------------------------------------------------------------------------------
Test set: dbTest.DbTest
-------------------------------------------------------------------------------
Tests run: 5, Failures: 0, Errors: 2, Skipped: 0, Time elapsed: 0.122 s <<< FAILURE! -- in dbTest.DbTest
dbTest.DbTest.init_shouldCreateColumns -- Time elapsed: 0.008 s <<< ERROR!
java.lang.RuntimeException: DB init failed
	at db.Db.init(Db.java:91)
	at dbTest.DbTest.init_shouldCreateColumns(DbTest.java:85)
Caused by: org.sqlite.SQLiteException: [SQLITE_ERROR] SQL error or missing database (no such column: transactionID)
	at org.sqlite.core.DB.newSQLException(DB.java:1179)
	at org.sqlite.core.DB.newSQLException(DB.java:1190)
	at org.sqlite.core.DB.throwex(DB.java:1150)
	at org.sqlite.core.NativeDB.prepare_utf8(Native Method)
	at org.sqlite.core.NativeDB.prepare(NativeDB.java:132)
	at org.sqlite.core.DB.prepare(DB.java:264)
	at org.sqlite.jdbc3.JDBC3Statement.lambda$execute$0(JDBC3Statement.java:54)
	at org.sqlite.jdbc3.JDBC3Statement.withConnectionTimeout(JDBC3Statement.java:454)
	at org.sqlite.jdbc3.JDBC3Statement.execute(JDBC3Statement.java:43)
	at db.Db.init(Db.java:88)
	... 1 more

dbTest.DbTest.init_shouldCreateTables -- Time elapsed: 0.004 s <<< ERROR!
java.lang.RuntimeException: DB init failed
	at db.Db.init(Db.java:91)
	at dbTest.DbTest.init_shouldCreateTables(DbTest.java:64)
Caused by: org.sqlite.SQLiteException: [SQLITE_ERROR] SQL error or missing database (no such column: transactionID)
	at org.sqlite.core.DB.newSQLException(DB.java:1179)
	at org.sqlite.core.DB.newSQLException(DB.java:1190)
	at org.sqlite.core.DB.throwex(DB.java:1150)
	at org.sqlite.core.NativeDB.prepare_utf8(Native Method)
	at org.sqlite.core.NativeDB.prepare(NativeDB.java:132)
	at org.sqlite.core.DB.prepare(DB.java:264)
	at org.sqlite.jdbc3.JDBC3Statement.lambda$execute$0(JDBC3Statement.java:54)
	at org.sqlite.jdbc3.JDBC3Statement.withConnectionTimeout(JDBC3Statement.java:454)
	at org.sqlite.jdbc3.JDBC3Statement.execute(JDBC3Statement.java:43)
	at db.Db.init(Db.java:88)
	... 1 more

