<?xml version="1.0" encoding="UTF-8"?>
<testsuite xmlns:xsi="http://www.w3.org/2001/XMLSchema-instance" xsi:noNamespaceSchemaLocation="https://maven.apache.org/surefire/maven-surefire-plugin/xsd/surefire-test-report-3.0.xsd" version="3.0" name="dbTest.DbTest" time="0.123" tests="5" errors="0" skipped="0" failures="0">
  <properties>
[...]
</properties>
  <testcase name="connect_should_enable_foreign_keys" classname="dbTest.DbTest" time="0.097">
    <system-err><![CDATA[SLF4J: Failed to load class "org.slf4j.impl.StaticLoggerBinder".
SLF4J: Defaulting to no-operation (NOP) logger implementation
SLF4J: See http://www.slf4j.org/codes.html#StaticLoggerBinder for further details.
]]></system-err>
  </testcase>
  <testcase name="connect_returns_open_connection" classname="dbTest.DbTest" time="0.004"/>
  <testcase name="connect_shouldAllowExecutingSql" classname="dbTest.DbTest" time="0.002"/>
  <testcase name="init_shouldCreateColumns" classname="dbTest.DbTest" time="0.008"/>
  <testcase name="init_shouldCreateTables" classname="dbTest.DbTest" time="0.003"/>
</testsuite>