<?xml version="1.0" encoding="UTF-8"?>
<testsuite xmlns:xsi="http://www.w3.org/2001/XMLSchema-instance" xsi:noNamespaceSchemaLocation="https://maven.apache.org/surefire/maven-surefire-plugin/xsd/surefire-test-report-3.0.xsd" version="3.0" name="accountsTest.AccountTest" time="0.044" tests="4" errors="0" skipped="0" failures="0">
  <properties>
[...]
</properties>
  <testcase name="account_id_valid_uuid" classname="accountsTest.AccountTest" time="0.027"/>
  <testcase name="accounts_have_no_missing_fields" classname="accountsTest.AccountTest" time="0.003"/>
  <testcase name="account_id_is_unique_across_multiple_instances" classname="accountsTest.AccountTest" time="0.003"/>
  <testcase name="account_has_id" classname="accountsTest.AccountTest" time="0.001"/>
</testsuite>